<?xml version="1.0" encoding="UTF-8"?>
<!-- Generated by org.testng.reporters.JUnitReportReporter -->
<testsuite hostname="VCs-MacBook-Pro.local" failures="0" tests="1" name="com.hyundai.SampleMobile" time="45.955" errors="0" timestamp="2023-08-03T18:09:01 IST" skipped="0">
  <testcase classname="com.hyundai.SampleMobile" name="configuration" time="45.955"/>
</testsuite> <!-- com.hyundai.SampleMobile -->
